<?xml version="1.0" encoding="UTF-8"?>
<!-- Generated by org.testng.reporters.JUnitReportReporter -->
<testsuite hostname="DESKTOP-AINAC7R" failures="0" tests="4" name="TestScript.HomePage" time="57.196" errors="0" timestamp="2023-03-06T19:33:42 IST" skipped="0">
  <testcase classname="TestScript.HomePage" name="cookies" time="5.388"/>
  <system-out/>
  <testcase classname="TestScript.HomePage" name="title" time="0.307"/>
  <system-out/>
  <testcase classname="TestScript.HomePage" name="search" time="20.395"/>
  <system-out/>
  <testcase classname="TestScript.HomePage" name="Shoes" time="31.106"/>
  <system-out/>
</testsuite> <!-- TestScript.HomePage -->
